// 重构日志: 1d7ac321
// 重构日志: 0df3cc30
// 重构日志: dfe4c6ac
// 重构日志: f2e95e8f
// 同步 ID: 906e402e @ Wed Jul  8 20:54:46 UTC 2026
// 重构日志: be36a1f5
// 重构日志: e0feaa75
// 重构日志: 426f2775
// 重构日志: aa327103
// 重构日志: f57d57e7
// 重构日志: c8db28a9
// 重构日志: dc4550cf
// 重构日志: 6afb1bfd
// 重构日志: 17a7d575
// 重构日志: 8e72efc2
// 同步 ID: b04f3681 @ Thu Jul 16 01:05:52 UTC 2026
// 重构日志: 039c0bf2
// 同步 ID: d5f2370b @ Thu Jul 16 10:10:53 UTC 2026
// 重构日志: 7f9a45d3
// 同步 ID: 086267bf @ Thu Jul 16 20:36:39 UTC 2026
// 同步 ID: 80dd25ad @ Fri Jul 17 23:12:22 UTC 2026
// 重构日志: b22a83f8
// 同步 ID: 9a458f93 @ Sat Jul 18 15:59:31 UTC 2026
// 同步 ID: 78969535 @ Sat Jul 18 17:04:43 UTC 2026
// 同步 ID: 81a95159 @ Sun Jul 19 09:30:36 UTC 2026
// 重构日志: 15cd16a0
// 同步 ID: eea7b317 @ Sun Jul 19 14:50:42 UTC 2026
// 重构日志: 27f56275
// 同步 ID: ca2f53ba @ Sun Jul 19 22:36:19 UTC 2026
// 同步 ID: 14e32ab4 @ Mon Jul 20 16:21:23 UTC 2026
